<?xml version="1.0" encoding="UTF-8"?>
<!-- Generated by org.testng.reporters.JUnitReportReporter -->
<testsuite hostname="LAPTOP-5KMFOFH9" failures="0" tests="2" name="com.SwagLab.TestCases.OverViewPageTest" time="0.134" errors="0" timestamp="2023-03-18T19:46:13 IST" skipped="0">
  <testcase classname="com.SwagLab.TestCases.OverViewPageTest" name="verifyDescription" time="0.032"/>
  <system-out/>
  <testcase classname="com.SwagLab.TestCases.OverViewPageTest" name="verifyFinishProcess" time="0.102"/>
  <system-out/>
</testsuite> <!-- com.SwagLab.TestCases.OverViewPageTest -->
