<?xml version="1.0" encoding="UTF-8"?>
<!-- Generated by org.testng.reporters.JUnitReportReporter -->
<testsuite hostname="LAPTOP-5KMFOFH9" failures="0" tests="2" name="com.SwagLab.TestCases.LoginPageTest" time="0.460" errors="0" timestamp="2023-03-08T20:00:12 IST" skipped="0">
  <testcase classname="com.SwagLab.TestCases.LoginPageTest" name="verifyTitle" time="0.017"/>
  <system-out/>
  <testcase classname="com.SwagLab.TestCases.LoginPageTest" name="verifyLogin" time="0.443"/>
  <system-out/>
</testsuite> <!-- com.SwagLab.TestCases.LoginPageTest -->
