<?xml version="1.0" encoding="UTF-8"?>
<!-- Generated by org.testng.reporters.JUnitReportReporter -->
<testsuite hostname="LAPTOP-5KMFOFH9" failures="0" tests="1" name="com.SwagLab.TestCases.CheckOutPageTEst" time="0.344" errors="0" timestamp="2023-03-09T19:23:23 IST" skipped="0">
  <testcase classname="com.SwagLab.TestCases.CheckOutPageTEst" name="verifyCheckout" time="0.344"/>
  <system-out/>
</testsuite> <!-- com.SwagLab.TestCases.CheckOutPageTEst -->
