<?xml version="1.0" encoding="UTF-8"?>
<!-- Generated by org.testng.reporters.JUnitReportReporter -->
<testsuite hostname="LAPTOP-5KMFOFH9" failures="0" tests="2" name="com.SwagLab.TestCases.AddToCartTest" time="0.082" errors="0" timestamp="2023-03-09T19:15:48 IST" skipped="0">
  <testcase classname="com.SwagLab.TestCases.AddToCartTest" name="verifyDescription" time="0.031"/>
  <system-out/>
  <testcase classname="com.SwagLab.TestCases.AddToCartTest" name="proceedWithCheckout" time="0.051"/>
  <system-out/>
</testsuite> <!-- com.SwagLab.TestCases.AddToCartTest -->
